2025-10-20 18:16:06,609 - __main__ - INFO - === Запуск обработки реального формата СКУД ===
2025-10-20 18:16:06,612 - __main__ - INFO - Конфигурация загружена из real_skud_config.ini
2025-10-20 18:16:06,614 - src.skud_database - INFO - Подключение к SQLite: real_skud_data.db
2025-10-20 18:16:06,619 - src.skud_database - INFO - Таблица employees создана/проверена
2025-10-20 18:16:06,619 - src.skud_database - INFO - Таблица access_logs создана/проверена
2025-10-20 18:16:06,620 - src.skud_database - INFO - Таблица daily_summary создана/проверена
2025-10-20 18:16:06,620 - src.skud_database - INFO - Таблица lunch_breaks создана/проверена
2025-10-20 18:16:06,620 - src.skud_database - INFO - Таблица files_metadata создана/проверена
2025-10-20 18:16:06,621 - src.skud_database - INFO - Схема СКУД создана успешно
2025-10-20 18:16:06,621 - __main__ - INFO - База данных sqlite инициализирована успешно
2025-10-20 18:16:06,621 - __main__ - INFO - === Статистика реального СКУД ===
2025-10-20 18:16:06,621 - __main__ - INFO - Активных сотрудников: 296
2025-10-20 18:16:06,622 - __main__ - INFO - Проходов сегодня: 0
2025-10-20 18:16:06,622 - __main__ - INFO - Уникальных сотрудников сегодня: 0
2025-10-20 18:16:06,622 - __main__ - INFO - Сводок за сегодня: 0
2025-10-20 18:16:06,622 - __main__ - INFO - Обеденных перерывов сегодня: 0
2025-10-20 18:16:06,622 - __main__ - INFO - ===================================
2025-10-20 18:16:06,622 - __main__ - INFO - Найдено 1 файлов для обработки
2025-10-20 18:16:06,622 - __main__ - INFO - Обработка реального файла СКУД: real_data_input\2025.08.19.txt
2025-10-20 18:16:07,297 - __main__ - INFO - Файл 2025.08.19.txt: распознано 0 записей, валидных 0
2025-10-20 18:16:07,297 - __main__ - INFO - Файл 2025.08.19.txt: успешно сохранено 0 из 0 записей
2025-10-20 18:16:07,306 - __main__ - INFO - === Результаты обработки ===
2025-10-20 18:16:07,306 - __main__ - INFO - Обработано файлов: 1
2025-10-20 18:16:07,307 - __main__ - INFO - Успешно: 1
2025-10-20 18:16:07,307 - __main__ - INFO - С ошибками: 0
2025-10-20 18:16:07,307 - __main__ - INFO - === Статистика реального СКУД ===
2025-10-20 18:16:07,308 - __main__ - INFO - Активных сотрудников: 296
2025-10-20 18:16:07,308 - __main__ - INFO - Проходов сегодня: 0
2025-10-20 18:16:07,308 - __main__ - INFO - Уникальных сотрудников сегодня: 0
2025-10-20 18:16:07,308 - __main__ - INFO - Сводок за сегодня: 0
2025-10-20 18:16:07,308 - __main__ - INFO - Обеденных перерывов сегодня: 0
2025-10-20 18:16:07,308 - __main__ - INFO - ===================================
2025-10-20 18:16:07,309 - src.skud_database - INFO - Соединение с базой данных закрыто
